<?xml version="1.0" encoding="UTF-8"?>
<robot generator="Rebot 6.0.1 (Python 3.7.4 on win32)" generated="20230701 12:10:16.708" rpa="false" schemaversion="3">
<suite id="s1" name="Suites">
<suite id="s1-s1" name="Scrollingpage" source="H:\python_own_projects\pythonProject1\RobotPractice\par\scrollingpage.robot">
<test id="s1-s1-t1" name="Tc1" line="9">
<kw name="Open Browser" library="SeleniumLibrary">
<arg>https://www.countries-ofthe-world.com/flags-of-the-world.html</arg>
<arg>headlesschrome</arg>
<doc>Opens a new browser instance to the optional ``url``.</doc>
<msg timestamp="20230701 12:10:04.940" level="INFO">Opening browser 'headlesschrome' to base url 'https://www.countries-ofthe-world.com/flags-of-the-world.html'.</msg>
<status status="PASS" starttime="20230701 12:10:04.939" endtime="20230701 12:10:09.232"/>
</kw>
<kw name="Execute Javascript" library="SeleniumLibrary">
<arg>window.scrollTo(0,document.body.scrollHeight)</arg>
<doc>Executes the given JavaScript code with possible arguments.</doc>
<msg timestamp="20230701 12:10:09.235" level="INFO">Executing JavaScript:
window.scrollTo(0,document.body.scrollHeight)
Without any arguments.</msg>
<status status="PASS" starttime="20230701 12:10:09.233" endtime="20230701 12:10:09.247"/>
</kw>
<kw name="Sleep" library="BuiltIn">
<arg>5</arg>
<doc>Pauses the test executed for the given time.</doc>
<msg timestamp="20230701 12:10:14.249" level="INFO">Slept 5 seconds</msg>
<status status="PASS" starttime="20230701 12:10:09.247" endtime="20230701 12:10:14.249"/>
</kw>
<kw name="Execute Javascript" library="SeleniumLibrary">
<arg>window.scrollTo(0,-document.body.scrollHeight)</arg>
<doc>Executes the given JavaScript code with possible arguments.</doc>
<msg timestamp="20230701 12:10:14.253" level="INFO">Executing JavaScript:
window.scrollTo(0,-document.body.scrollHeight)
Without any arguments.</msg>
<status status="PASS" starttime="20230701 12:10:14.250" endtime="20230701 12:10:14.269"/>
</kw>
<status status="PASS" starttime="20230701 12:10:04.938" endtime="20230701 12:10:14.270"/>
</test>
<status status="PASS" starttime="20230701 12:10:04.636" endtime="20230701 12:10:14.273"/>
</suite>
<suite id="s1-s2" name="Suitesetupteardown" source="H:\python_own_projects\pythonProject1\RobotPractice\par\suitesetupteardown.robot">
<kw name="Log To Console" library="BuiltIn" type="SETUP">
<arg>Opening browser</arg>
<doc>Logs the given message to the console.</doc>
<status status="PASS" starttime="20230701 12:10:04.639" endtime="20230701 12:10:04.640"/>
</kw>
<test id="s1-s2-t1" name="TC1 Prepaid Recharge" line="10">
<kw name="Log To Console" library="BuiltIn" type="SETUP">
<arg>login to application</arg>
<doc>Logs the given message to the console.</doc>
<status status="PASS" starttime="20230701 12:10:04.641" endtime="20230701 12:10:04.641"/>
</kw>
<kw name="Log To Console" library="BuiltIn">
<arg>This is prepaid recharge</arg>
<doc>Logs the given message to the console.</doc>
<status status="PASS" starttime="20230701 12:10:04.641" endtime="20230701 12:10:04.642"/>
</kw>
<kw name="Log To Console" library="BuiltIn" type="TEARDOWN">
<arg>logout from appllication</arg>
<doc>Logs the given message to the console.</doc>
<status status="PASS" starttime="20230701 12:10:04.642" endtime="20230701 12:10:04.642"/>
</kw>
<tag>sanity</tag>
<status status="PASS" starttime="20230701 12:10:04.640" endtime="20230701 12:10:04.643"/>
</test>
<test id="s1-s2-t2" name="TC2 Postpaid Recharge" line="14">
<kw name="Log To Console" library="BuiltIn" type="SETUP">
<arg>login to application</arg>
<doc>Logs the given message to the console.</doc>
<status status="PASS" starttime="20230701 12:10:04.696" endtime="20230701 12:10:04.697"/>
</kw>
<kw name="Log To Console" library="BuiltIn">
<arg>This is postpaid recharge</arg>
<doc>Logs the given message to the console.</doc>
<status status="PASS" starttime="20230701 12:10:04.697" endtime="20230701 12:10:04.698"/>
</kw>
<kw name="Log To Console" library="BuiltIn" type="TEARDOWN">
<arg>logout from appllication</arg>
<doc>Logs the given message to the console.</doc>
<status status="PASS" starttime="20230701 12:10:04.698" endtime="20230701 12:10:04.698"/>
</kw>
<tag>regerssion</tag>
<status status="PASS" starttime="20230701 12:10:04.643" endtime="20230701 12:10:04.698"/>
</test>
<test id="s1-s2-t3" name="TC3 Search" line="18">
<kw name="Log To Console" library="BuiltIn" type="SETUP">
<arg>login to application</arg>
<doc>Logs the given message to the console.</doc>
<status status="PASS" starttime="20230701 12:10:04.699" endtime="20230701 12:10:04.699"/>
</kw>
<kw name="Log To Console" library="BuiltIn">
<arg>This is serach test</arg>
<doc>Logs the given message to the console.</doc>
<status status="PASS" starttime="20230701 12:10:04.699" endtime="20230701 12:10:04.700"/>
</kw>
<kw name="Log To Console" library="BuiltIn" type="TEARDOWN">
<arg>logout from appllication</arg>
<doc>Logs the given message to the console.</doc>
<status status="PASS" starttime="20230701 12:10:04.700" endtime="20230701 12:10:04.700"/>
</kw>
<tag>sanity</tag>
<status status="PASS" starttime="20230701 12:10:04.698" endtime="20230701 12:10:04.700"/>
</test>
<test id="s1-s2-t4" name="TC4 Advanced Seach" line="22">
<kw name="Log To Console" library="BuiltIn" type="SETUP">
<arg>login to application</arg>
<doc>Logs the given message to the console.</doc>
<status status="PASS" starttime="20230701 12:10:04.701" endtime="20230701 12:10:04.702"/>
</kw>
<kw name="Log To Console" library="BuiltIn">
<arg>This is Adv Search Test case</arg>
<doc>Logs the given message to the console.</doc>
<status status="PASS" starttime="20230701 12:10:04.702" endtime="20230701 12:10:04.702"/>
</kw>
<kw name="Log To Console" library="BuiltIn" type="TEARDOWN">
<arg>logout from appllication</arg>
<doc>Logs the given message to the console.</doc>
<status status="PASS" starttime="20230701 12:10:04.703" endtime="20230701 12:10:04.703"/>
</kw>
<tag>regerssion</tag>
<status status="PASS" starttime="20230701 12:10:04.701" endtime="20230701 12:10:04.703"/>
</test>
<kw name="Log To Console" library="BuiltIn" type="TEARDOWN">
<arg>Closing Browser</arg>
<doc>Logs the given message to the console.</doc>
<status status="PASS" starttime="20230701 12:10:04.704" endtime="20230701 12:10:04.705"/>
</kw>
<status status="PASS" starttime="20230701 12:10:04.636" endtime="20230701 12:10:04.705"/>
</suite>
<doc>[https://pabot.org/?ref=log|Pabot] result from 2 executions.</doc>
<status status="PASS" starttime="20230701 12:10:04.610" endtime="20230701 12:10:14.329"/>
</suite>
<statistics>
<total>
<stat pass="5" fail="0" skip="0">All Tests</stat>
</total>
<tag>
<stat pass="2" fail="0" skip="0">regerssion</stat>
<stat pass="2" fail="0" skip="0">sanity</stat>
</tag>
<suite>
<stat pass="5" fail="0" skip="0" id="s1" name="Suites">Suites</stat>
<stat pass="1" fail="0" skip="0" id="s1-s1" name="Scrollingpage">Suites.Scrollingpage</stat>
<stat pass="4" fail="0" skip="0" id="s1-s2" name="Suitesetupteardown">Suites.Suitesetupteardown</stat>
</suite>
</statistics>
<errors>
</errors>
</robot>
