<?xml version="1.0" encoding="UTF-8"?>
<robot generator="Rebot 6.0.1 (Python 3.7.4 on win32)" generated="20230411 20:46:21.796" rpa="false" schemaversion="3">
<suite id="s1" name="Suites">
<suite id="s1-s1" name="Tear" source="H:\python_own_projects\pythonProject1\RobotPractice\tear.robot">
<test id="s1-s1-t1" name="TC1" line="5">
<kw name="Log To Console" library="BuiltIn">
<arg>this is sanity test1</arg>
<doc>Logs the given message to the console.</doc>
<status status="PASS" starttime="20230411 20:46:21.119" endtime="20230411 20:46:21.119"/>
</kw>
<tag>sanity</tag>
<status status="PASS" starttime="20230411 20:46:21.118" endtime="20230411 20:46:21.120"/>
</test>
<test id="s1-s1-t2" name="Tc2" line="9">
<kw name="Log To Console" library="BuiltIn">
<arg>this is santity test2</arg>
<doc>Logs the given message to the console.</doc>
<status status="PASS" starttime="20230411 20:46:21.121" endtime="20230411 20:46:21.121"/>
</kw>
<tag>sanity</tag>
<status status="PASS" starttime="20230411 20:46:21.120" endtime="20230411 20:46:21.121"/>
</test>
<test id="s1-s1-t3" name="Tc3" line="13">
<kw name="Log To Console" library="BuiltIn">
<arg>this is regression test3</arg>
<doc>Logs the given message to the console.</doc>
<status status="PASS" starttime="20230411 20:46:21.453" endtime="20230411 20:46:21.453"/>
</kw>
<tag>regression</tag>
<status status="PASS" starttime="20230411 20:46:21.452" endtime="20230411 20:46:21.453"/>
</test>
<test id="s1-s1-t4" name="Tc4" line="16">
<kw name="Log To Console" library="BuiltIn">
<arg>this is the mytest cusotom</arg>
<doc>Logs the given message to the console.</doc>
<status status="PASS" starttime="20230411 20:46:21.455" endtime="20230411 20:46:21.455"/>
</kw>
<tag>mytest</tag>
<status status="PASS" starttime="20230411 20:46:21.454" endtime="20230411 20:46:21.455"/>
</test>
<status status="PASS" starttime="20230411 20:46:21.115" endtime="20230411 20:46:21.456"/>
</suite>
<suite id="s1-s2" name="Var" source="H:\python_own_projects\pythonProject1\RobotPractice\var.robot">
<test id="s1-s2-t1" name="exampletest" line="7">
<kw name="Append To List" library="Collections">
<arg>${list1}</arg>
<arg>d</arg>
<arg>c</arg>
<arg>e</arg>
<arg>e</arg>
<arg>f</arg>
<arg>g</arg>
<doc>Adds ``values`` to the end of ``list``.</doc>
<status status="PASS" starttime="20230411 20:46:21.126" endtime="20230411 20:46:21.127"/>
</kw>
<kw name="Log To Console" library="BuiltIn">
<arg>The items before removing of the list is${list1}</arg>
<doc>Logs the given message to the console.</doc>
<status status="PASS" starttime="20230411 20:46:21.127" endtime="20230411 20:46:21.127"/>
</kw>
<kw name="Remove From List" library="Collections">
<arg>${list1}</arg>
<arg>1</arg>
<doc>Removes and returns the value specified with an ``index`` from ``list``.</doc>
<status status="PASS" starttime="20230411 20:46:21.128" endtime="20230411 20:46:21.128"/>
</kw>
<kw name="Log To Console" library="BuiltIn">
<arg>The items after removing of the list is${ list1}</arg>
<doc>Logs the given message to the console.</doc>
<status status="PASS" starttime="20230411 20:46:21.128" endtime="20230411 20:46:21.129"/>
</kw>
<kw name="Count Values In List" library="Collections">
<var>${mycoutn}</var>
<arg>${list1}</arg>
<arg>e</arg>
<doc>Returns the number of occurrences of the given ``value`` in ``list``.</doc>
<msg timestamp="20230411 20:46:21.130" level="INFO">${mycoutn} = 2</msg>
<status status="PASS" starttime="20230411 20:46:21.129" endtime="20230411 20:46:21.130"/>
</kw>
<kw name="Log To Console" library="BuiltIn">
<arg>${mycoutn}</arg>
<doc>Logs the given message to the console.</doc>
<status status="PASS" starttime="20230411 20:46:21.130" endtime="20230411 20:46:21.131"/>
</kw>
<status status="PASS" starttime="20230411 20:46:21.125" endtime="20230411 20:46:21.131"/>
</test>
<status status="PASS" starttime="20230411 20:46:21.112" endtime="20230411 20:46:21.453"/>
</suite>
<doc>[https://pabot.org/?ref=log|Pabot] result from 2 executions.</doc>
<status status="PASS" starttime="20230411 20:46:21.084" endtime="20230411 20:46:21.457"/>
</suite>
<statistics>
<total>
<stat pass="5" fail="0" skip="0">All Tests</stat>
</total>
<tag>
<stat pass="1" fail="0" skip="0">mytest</stat>
<stat pass="1" fail="0" skip="0">regression</stat>
<stat pass="2" fail="0" skip="0">sanity</stat>
</tag>
<suite>
<stat pass="5" fail="0" skip="0" id="s1" name="Suites">Suites</stat>
<stat pass="4" fail="0" skip="0" id="s1-s1" name="Tear">Suites.Tear</stat>
<stat pass="1" fail="0" skip="0" id="s1-s2" name="Var">Suites.Var</stat>
</suite>
</statistics>
<errors>
</errors>
</robot>
