<?xml version="1.0" encoding="UTF-8"?>
<robot generator="Robot 6.0.1 (Python 3.7.4 on win32)" generated="20230701 12:10:04.596" rpa="false" schemaversion="3">
<suite id="s1" name="Suites">
<suite id="s1-s1" name="Suitesetupteardown" source="H:\python_own_projects\pythonProject1\RobotPractice\par\suitesetupteardown.robot">
<kw name="Log To Console" library="BuiltIn" type="SETUP">
<arg>Opening browser</arg>
<doc>Logs the given message to the console.</doc>
<status status="PASS" starttime="20230701 12:10:04.639" endtime="20230701 12:10:04.640"/>
</kw>
<test id="s1-s1-t1" name="TC1 Prepaid Recharge" line="10">
<kw name="Log To Console" library="BuiltIn" type="SETUP">
<arg>login to application</arg>
<doc>Logs the given message to the console.</doc>
<status status="PASS" starttime="20230701 12:10:04.641" endtime="20230701 12:10:04.641"/>
</kw>
<kw name="Log To Console" library="BuiltIn">
<arg>This is prepaid recharge</arg>
<doc>Logs the given message to the console.</doc>
<status status="PASS" starttime="20230701 12:10:04.641" endtime="20230701 12:10:04.642"/>
</kw>
<kw name="Log To Console" library="BuiltIn" type="TEARDOWN">
<arg>logout from appllication</arg>
<doc>Logs the given message to the console.</doc>
<status status="PASS" starttime="20230701 12:10:04.642" endtime="20230701 12:10:04.642"/>
</kw>
<tag>sanity</tag>
<status status="PASS" starttime="20230701 12:10:04.640" endtime="20230701 12:10:04.643"/>
</test>
<test id="s1-s1-t2" name="TC2 Postpaid Recharge" line="14">
<kw name="Log To Console" library="BuiltIn" type="SETUP">
<arg>login to application</arg>
<doc>Logs the given message to the console.</doc>
<status status="PASS" starttime="20230701 12:10:04.696" endtime="20230701 12:10:04.697"/>
</kw>
<kw name="Log To Console" library="BuiltIn">
<arg>This is postpaid recharge</arg>
<doc>Logs the given message to the console.</doc>
<status status="PASS" starttime="20230701 12:10:04.697" endtime="20230701 12:10:04.698"/>
</kw>
<kw name="Log To Console" library="BuiltIn" type="TEARDOWN">
<arg>logout from appllication</arg>
<doc>Logs the given message to the console.</doc>
<status status="PASS" starttime="20230701 12:10:04.698" endtime="20230701 12:10:04.698"/>
</kw>
<tag>regerssion</tag>
<status status="PASS" starttime="20230701 12:10:04.643" endtime="20230701 12:10:04.698"/>
</test>
<test id="s1-s1-t3" name="TC3 Search" line="18">
<kw name="Log To Console" library="BuiltIn" type="SETUP">
<arg>login to application</arg>
<doc>Logs the given message to the console.</doc>
<status status="PASS" starttime="20230701 12:10:04.699" endtime="20230701 12:10:04.699"/>
</kw>
<kw name="Log To Console" library="BuiltIn">
<arg>This is serach test</arg>
<doc>Logs the given message to the console.</doc>
<status status="PASS" starttime="20230701 12:10:04.699" endtime="20230701 12:10:04.700"/>
</kw>
<kw name="Log To Console" library="BuiltIn" type="TEARDOWN">
<arg>logout from appllication</arg>
<doc>Logs the given message to the console.</doc>
<status status="PASS" starttime="20230701 12:10:04.700" endtime="20230701 12:10:04.700"/>
</kw>
<tag>sanity</tag>
<status status="PASS" starttime="20230701 12:10:04.698" endtime="20230701 12:10:04.700"/>
</test>
<test id="s1-s1-t4" name="TC4 Advanced Seach" line="22">
<kw name="Log To Console" library="BuiltIn" type="SETUP">
<arg>login to application</arg>
<doc>Logs the given message to the console.</doc>
<status status="PASS" starttime="20230701 12:10:04.701" endtime="20230701 12:10:04.702"/>
</kw>
<kw name="Log To Console" library="BuiltIn">
<arg>This is Adv Search Test case</arg>
<doc>Logs the given message to the console.</doc>
<status status="PASS" starttime="20230701 12:10:04.702" endtime="20230701 12:10:04.702"/>
</kw>
<kw name="Log To Console" library="BuiltIn" type="TEARDOWN">
<arg>logout from appllication</arg>
<doc>Logs the given message to the console.</doc>
<status status="PASS" starttime="20230701 12:10:04.703" endtime="20230701 12:10:04.703"/>
</kw>
<tag>regerssion</tag>
<status status="PASS" starttime="20230701 12:10:04.701" endtime="20230701 12:10:04.703"/>
</test>
<kw name="Log To Console" library="BuiltIn" type="TEARDOWN">
<arg>Closing Browser</arg>
<doc>Logs the given message to the console.</doc>
<status status="PASS" starttime="20230701 12:10:04.704" endtime="20230701 12:10:04.705"/>
</kw>
<status status="PASS" starttime="20230701 12:10:04.636" endtime="20230701 12:10:04.705"/>
</suite>
<status status="PASS" starttime="20230701 12:10:04.610" endtime="20230701 12:10:04.706"/>
</suite>
<statistics>
<total>
<stat pass="4" fail="0" skip="0">All Tests</stat>
</total>
<tag>
<stat pass="2" fail="0" skip="0">regerssion</stat>
<stat pass="2" fail="0" skip="0">sanity</stat>
</tag>
<suite>
<stat pass="4" fail="0" skip="0" id="s1" name="Suites">Suites</stat>
<stat pass="4" fail="0" skip="0" id="s1-s1" name="Suitesetupteardown">Suites.Suitesetupteardown</stat>
</suite>
</statistics>
<errors>
</errors>
</robot>
