<?xml version="1.0" encoding="UTF-8"?>
<robot generator="Robot 6.0.1 (Python 3.7.4 on win32)" generated="20230709 13:10:42.177" rpa="false" schemaversion="3">
<suite id="s1" name="LoginTest" source="H:\python_own_projects\pythonProject1\RobotPractice\POM\Testcases\LoginTest.robot">
<test id="s1-t1" name="Login Test" line="13">
<kw name="Openmybrowser" library="LoginKeywords">
<arg>${siteurl}</arg>
<arg>${Browser}</arg>
<kw name="Open Browser" library="SeleniumLibrary">
<arg>${Siteurl}</arg>
<arg>${Browser}</arg>
<doc>Opens a new browser instance to the optional ``url``.</doc>
<msg timestamp="20230709 13:10:42.549" level="INFO">Opening browser 'Chrome' to base url 'https://s3.ajnaview.net/login'.</msg>
<status status="PASS" starttime="20230709 13:10:42.546" endtime="20230709 13:10:49.740"/>
</kw>
<kw name="Maximize Browser Window" library="SeleniumLibrary">
<doc>Maximizes current browser window.</doc>
<status status="PASS" starttime="20230709 13:10:49.740" endtime="20230709 13:10:49.863"/>
</kw>
<status status="PASS" starttime="20230709 13:10:42.545" endtime="20230709 13:10:49.863"/>
</kw>
<kw name="Sleep" library="BuiltIn">
<arg>1</arg>
<doc>Pauses the test executed for the given time.</doc>
<msg timestamp="20230709 13:10:50.874" level="INFO">Slept 1 second</msg>
<status status="PASS" starttime="20230709 13:10:49.863" endtime="20230709 13:10:50.874"/>
</kw>
<kw name="Enter UserName" library="LoginKeywords">
<arg>${user}</arg>
<kw name="Input Text" library="SeleniumLibrary">
<arg>${txt_loginusername}</arg>
<arg>${username}</arg>
<doc>Types the given ``text`` into the text field identified by ``locator``.</doc>
<msg timestamp="20230709 13:10:50.879" level="INFO">Typing text 'niranjanumk@gmail.com' into text field 'xpath://input[@id=':r0:']'.</msg>
<status status="PASS" starttime="20230709 13:10:50.877" endtime="20230709 13:10:51.252"/>
</kw>
<status status="PASS" starttime="20230709 13:10:50.875" endtime="20230709 13:10:51.252"/>
</kw>
<kw name="Enter Password" library="LoginKeywords">
<arg>${pwd}</arg>
<kw name="Input Text" library="SeleniumLibrary">
<arg>${txt_loginpassword}</arg>
<arg>${password}</arg>
<doc>Types the given ``text`` into the text field identified by ``locator``.</doc>
<msg timestamp="20230709 13:10:51.254" level="INFO">Typing text 'welComeajNa91$' into text field 'xpath://input[@id=':r1:']'.</msg>
<status status="PASS" starttime="20230709 13:10:51.253" endtime="20230709 13:10:51.462"/>
</kw>
<status status="PASS" starttime="20230709 13:10:51.252" endtime="20230709 13:10:51.462"/>
</kw>
<kw name="Click Sigiin" library="LoginKeywords">
<kw name="Click Button" library="SeleniumLibrary">
<arg>${btn_signin}</arg>
<doc>Clicks the button identified by ``locator``.</doc>
<msg timestamp="20230709 13:10:51.464" level="INFO">Clicking button '//button[normalize-space()='Login']'.</msg>
<status status="PASS" starttime="20230709 13:10:51.463" endtime="20230709 13:10:51.552"/>
</kw>
<status status="PASS" starttime="20230709 13:10:51.462" endtime="20230709 13:10:51.552"/>
</kw>
<kw name="Sleep" library="BuiltIn">
<arg>5</arg>
<doc>Pauses the test executed for the given time.</doc>
<msg timestamp="20230709 13:10:56.566" level="INFO">Slept 5 seconds</msg>
<status status="PASS" starttime="20230709 13:10:51.552" endtime="20230709 13:10:56.566"/>
</kw>
<kw name="Click Element" library="SeleniumLibrary">
<arg>xpath://div[@role='button']//div[2]/p[2]</arg>
<doc>Click the element identified by ``locator``.</doc>
<msg timestamp="20230709 13:10:56.567" level="INFO">Clicking element 'xpath://div[@role='button']//div[2]/p[2]'.</msg>
<status status="PASS" starttime="20230709 13:10:56.566" endtime="20230709 13:10:56.733"/>
</kw>
<kw name="Sleep" library="BuiltIn">
<arg>5</arg>
<doc>Pauses the test executed for the given time.</doc>
<msg timestamp="20230709 13:11:01.743" level="INFO">Slept 5 seconds</msg>
<status status="PASS" starttime="20230709 13:10:56.733" endtime="20230709 13:11:01.743"/>
</kw>
<status status="PASS" starttime="20230709 13:10:42.542" endtime="20230709 13:11:01.745"/>
</test>
<status status="PASS" starttime="20230709 13:10:42.179" endtime="20230709 13:11:01.749"/>
</suite>
<statistics>
<total>
<stat pass="1" fail="0" skip="0">All Tests</stat>
</total>
<tag>
</tag>
<suite>
<stat pass="1" fail="0" skip="0" id="s1" name="LoginTest">LoginTest</stat>
</suite>
</statistics>
<errors>
</errors>
</robot>
