<?xml version="1.0" encoding="UTF-8"?>
<robot generator="Robot 6.0.1 (Python 3.7.4 on win32)" generated="20230701 12:04:43.163" rpa="false" schemaversion="3">
<suite id="s1" name="Suites">
<suite id="s1-s1" name="Scrollingpage" source="H:\python_own_projects\pythonProject1\RobotPractice\par\scrollingpage.robot">
<test id="s1-s1-t1" name="Tc1" line="9">
<kw name="Open Browser" library="SeleniumLibrary">
<arg>https://www.countries-ofthe-world.com/flags-of-the-world.html</arg>
<arg>chrome</arg>
<doc>Opens a new browser instance to the optional ``url``.</doc>
<msg timestamp="20230701 12:04:43.508" level="INFO">Opening browser 'chrome' to base url 'https://www.countries-ofthe-world.com/flags-of-the-world.html'.</msg>
<status status="PASS" starttime="20230701 12:04:43.507" endtime="20230701 12:04:47.201"/>
</kw>
<kw name="Execute Javascript" library="SeleniumLibrary">
<arg>window.scrollTo(0,document.body.scrollHeight)</arg>
<doc>Executes the given JavaScript code with possible arguments.</doc>
<msg timestamp="20230701 12:04:47.204" level="INFO">Executing JavaScript:
window.scrollTo(0,document.body.scrollHeight)
Without any arguments.</msg>
<status status="PASS" starttime="20230701 12:04:47.202" endtime="20230701 12:04:47.242"/>
</kw>
<kw name="Sleep" library="BuiltIn">
<arg>5</arg>
<doc>Pauses the test executed for the given time.</doc>
<msg timestamp="20230701 12:04:52.244" level="INFO">Slept 5 seconds</msg>
<status status="PASS" starttime="20230701 12:04:47.242" endtime="20230701 12:04:52.244"/>
</kw>
<kw name="Execute Javascript" library="SeleniumLibrary">
<arg>window.scrollTo(0,-document.body.scrollHeight)</arg>
<doc>Executes the given JavaScript code with possible arguments.</doc>
<msg timestamp="20230701 12:04:52.245" level="INFO">Executing JavaScript:
window.scrollTo(0,-document.body.scrollHeight)
Without any arguments.</msg>
<status status="PASS" starttime="20230701 12:04:52.244" endtime="20230701 12:04:52.255"/>
</kw>
<status status="PASS" starttime="20230701 12:04:43.506" endtime="20230701 12:04:52.255"/>
</test>
<status status="PASS" starttime="20230701 12:04:43.203" endtime="20230701 12:04:52.256"/>
</suite>
<status status="PASS" starttime="20230701 12:04:43.176" endtime="20230701 12:04:52.314"/>
</suite>
<statistics>
<total>
<stat pass="1" fail="0" skip="0">All Tests</stat>
</total>
<tag>
</tag>
<suite>
<stat pass="1" fail="0" skip="0" id="s1" name="Suites">Suites</stat>
<stat pass="1" fail="0" skip="0" id="s1-s1" name="Scrollingpage">Suites.Scrollingpage</stat>
</suite>
</statistics>
<errors>
</errors>
</robot>
